[2017-02-15T18:47:47.283-0500] [glassfish 4.1] [INFO] [NCLS-LOGGING-00009] [javax.enterprise.logging] [tid: _ThreadID=18 _ThreadName=RunLevelControllerThread-1487202466868] [timeMillis: 1487202467283] [levelValue: 800] [[
  Running GlassFish Version: GlassFish Server Open Source Edition  4.1.1  (build 1)]]

[2017-02-15T18:47:47.285-0500] [glassfish 4.1] [INFO] [NCLS-LOGGING-00010] [javax.enterprise.logging] [tid: _ThreadID=18 _ThreadName=RunLevelControllerThread-1487202466868] [timeMillis: 1487202467285] [levelValue: 800] [[
  Server log file is using Formatter class: com.sun.enterprise.server.logging.ODLLogFormatter]]

[2017-02-15T18:47:47.413-0500] [glassfish 4.1] [INFO] [NCLS-SECURITY-01115] [javax.enterprise.system.core.security] [tid: _ThreadID=19 _ThreadName=RunLevelControllerThread-1487202466870] [timeMillis: 1487202467413] [levelValue: 800] [[
  Realm [admin-realm] of classtype [com.sun.enterprise.security.auth.realm.file.FileRealm] successfully created.]]

[2017-02-15T18:47:47.416-0500] [glassfish 4.1] [INFO] [NCLS-SECURITY-01115] [javax.enterprise.system.core.security] [tid: _ThreadID=19 _ThreadName=RunLevelControllerThread-1487202466870] [timeMillis: 1487202467416] [levelValue: 800] [[
  Realm [file] of classtype [com.sun.enterprise.security.auth.realm.file.FileRealm] successfully created.]]

[2017-02-15T18:47:47.422-0500] [glassfish 4.1] [INFO] [NCLS-SECURITY-01115] [javax.enterprise.system.core.security] [tid: _ThreadID=19 _ThreadName=RunLevelControllerThread-1487202466870] [timeMillis: 1487202467422] [levelValue: 800] [[
  Realm [certificate] of classtype [com.sun.enterprise.security.auth.realm.certificate.CertificateRealm] successfully created.]]

[2017-02-15T18:47:47.554-0500] [glassfish 4.1] [INFO] [] [org.hibernate.validator.internal.util.Version] [tid: _ThreadID=20 _ThreadName=RunLevelControllerThread-1487202466883] [timeMillis: 1487202467554] [levelValue: 800] [[
  HV000001: Hibernate Validator 5.1.2.Final]]

[2017-02-15T18:47:47.573-0500] [glassfish 4.1] [INFO] [SEC-SVCS-00100] [javax.enterprise.security.services] [tid: _ThreadID=18 _ThreadName=RunLevelControllerThread-1487202466868] [timeMillis: 1487202467573] [levelValue: 800] [[
  Authorization Service has successfully initialized.]]

[2017-02-15T18:47:47.793-0500] [glassfish 4.1] [INFO] [] [org.glassfish.ha.store.spi.BackingStoreFactoryRegistry] [tid: _ThreadID=21 _ThreadName=RunLevelControllerThread-1487202466883] [timeMillis: 1487202467793] [levelValue: 800] [[
  Registered org.glassfish.ha.store.adapter.cache.ShoalBackingStoreProxy for persistence-type = replicated in BackingStoreFactoryRegistry]]

[2017-02-15T18:47:47.853-0500] [glassfish 4.1] [WARNING] [] [org.glassfish.grizzly.config.Utils] [tid: _ThreadID=19 _ThreadName=RunLevelControllerThread-1487202466870] [timeMillis: 1487202467853] [levelValue: 900] [[
  Instance could not be initialized. Class=interface org.glassfish.grizzly.http.server.AddOn, name=http-listener-1, realClassName=org.glassfish.grizzly.http2.Http2AddOn]]

[2017-02-15T18:47:47.940-0500] [glassfish 4.1] [INFO] [NCLS-CORE-00087] [javax.enterprise.system.core] [tid: _ThreadID=19 _ThreadName=RunLevelControllerThread-1487202466870] [timeMillis: 1487202467940] [levelValue: 800] [[
  Grizzly Framework 2.3.23 started in: 40ms - bound to [/0.0.0.0:34907]]]

[2017-02-15T18:47:47.962-0500] [glassfish 4.1] [WARNING] [] [org.glassfish.grizzly.config.Utils] [tid: _ThreadID=19 _ThreadName=RunLevelControllerThread-1487202466870] [timeMillis: 1487202467962] [levelValue: 900] [[
  Instance could not be initialized. Class=interface org.glassfish.grizzly.http.server.AddOn, name=http-listener-2, realClassName=org.glassfish.grizzly.http2.Http2AddOn]]

[2017-02-15T18:47:47.971-0500] [glassfish 4.1] [INFO] [NCLS-CORE-00087] [javax.enterprise.system.core] [tid: _ThreadID=19 _ThreadName=RunLevelControllerThread-1487202466870] [timeMillis: 1487202467971] [levelValue: 800] [[
  Grizzly Framework 2.3.23 started in: 4ms - bound to [/0.0.0.0:34908]]]

[2017-02-15T18:47:47.975-0500] [glassfish 4.1] [WARNING] [] [org.glassfish.grizzly.config.Utils] [tid: _ThreadID=19 _ThreadName=RunLevelControllerThread-1487202466870] [timeMillis: 1487202467975] [levelValue: 900] [[
  Instance could not be initialized. Class=interface org.glassfish.grizzly.http.server.AddOn, name=admin-listener, realClassName=org.glassfish.grizzly.http2.Http2AddOn]]

[2017-02-15T18:47:47.982-0500] [glassfish 4.1] [INFO] [NCLS-CORE-00087] [javax.enterprise.system.core] [tid: _ThreadID=19 _ThreadName=RunLevelControllerThread-1487202466870] [timeMillis: 1487202467982] [levelValue: 800] [[
  Grizzly Framework 2.3.23 started in: 3ms - bound to [/0.0.0.0:34875]]]

[2017-02-15T18:47:48.080-0500] [glassfish 4.1] [INFO] [NCLS-CORE-00087] [javax.enterprise.system.core] [tid: _ThreadID=21 _ThreadName=RunLevelControllerThread-1487202466883] [timeMillis: 1487202468080] [levelValue: 800] [[
  Grizzly Framework 2.3.23 started in: 5ms - bound to [/0.0.0.0:34864]]]

[2017-02-15T18:47:48.119-0500] [glassfish 4.1] [INFO] [NCLS-CORE-00017] [javax.enterprise.system.core] [tid: _ThreadID=1 _ThreadName=main] [timeMillis: 1487202468119] [levelValue: 800] [[
  GlassFish Server Open Source Edition  4.1.1  (1) startup time : Felix (15.471ms), startup services(1.259ms), total(16.730ms)]]

[2017-02-15T18:47:48.546-0500] [glassfish 4.1] [INFO] [jts.startup_msg] [javax.enterprise.system.core.transaction.com.sun.jts.CosTransactions] [tid: _ThreadID=20 _ThreadName=RunLevelControllerThread-1487202466883] [timeMillis: 1487202468546] [levelValue: 800] [[
  JTS5014: Recoverable JTS instance, serverId = [100]]]

[2017-02-15T18:47:48.688-0500] [glassfish 4.1] [INFO] [NCLS-JMX-00005] [javax.enterprise.system.jmx] [tid: _ThreadID=60 _ThreadName=Thread-12] [timeMillis: 1487202468688] [levelValue: 800] [[
  JMXStartupService has started JMXConnector on JMXService URL service:jmx:rmi://172.29.17.146:34913/jndi/rmi://172.29.17.146:34913/jmxrmi]]

[2017-02-15T18:47:48.869-0500] [glassfish 4.1] [INFO] [NCLS-CORE-00087] [javax.enterprise.system.core] [tid: _ThreadID=19 _ThreadName=RunLevelControllerThread-1487202466870] [timeMillis: 1487202468869] [levelValue: 800] [[
  Grizzly Framework 2.3.23 started in: 2ms - bound to [/0.0.0.0:42503]]]

[2017-02-15T18:47:48.871-0500] [glassfish 4.1] [INFO] [NCLS-BOOTSTRAP-00027] [javax.enterprise.bootstrap] [tid: _ThreadID=1 _ThreadName=main] [timeMillis: 1487202468871] [levelValue: 800] [[
  Registered com.sun.enterprise.glassfish.bootstrap.osgi.EmbeddedOSGiGlassFishImpl@5d3b58ca as OSGi service registration: org.apache.felix.framework.ServiceRegistrationImpl@781711b7.]]

[2017-02-15T18:47:49.571-0500] [glassfish 4.1] [WARNING] [] [org.glassfish.grizzly.config.Utils] [tid: _ThreadID=75 _ThreadName=pool-14-thread-1] [timeMillis: 1487202469571] [levelValue: 900] [[
  Instance could not be initialized. Class=interface org.glassfish.grizzly.http.server.AddOn, name=http-listener-2, realClassName=org.glassfish.grizzly.http2.Http2AddOn]]

[2017-02-15T18:47:49.577-0500] [glassfish 4.1] [INFO] [NCLS-CORE-00087] [javax.enterprise.system.core] [tid: _ThreadID=75 _ThreadName=pool-14-thread-1] [timeMillis: 1487202469577] [levelValue: 800] [[
  Grizzly Framework 2.3.23 started in: 3ms - bound to [/0.0.0.0:34908]]]

[2017-02-15T18:47:49.670-0500] [glassfish 4.1] [WARNING] [] [org.glassfish.grizzly.config.Utils] [tid: _ThreadID=77 _ThreadName=pool-15-thread-1] [timeMillis: 1487202469670] [levelValue: 900] [[
  Instance could not be initialized. Class=interface org.glassfish.grizzly.http.server.AddOn, name=http-listener-1, realClassName=org.glassfish.grizzly.http2.Http2AddOn]]

[2017-02-15T18:47:49.677-0500] [glassfish 4.1] [INFO] [NCLS-CORE-00087] [javax.enterprise.system.core] [tid: _ThreadID=77 _ThreadName=pool-15-thread-1] [timeMillis: 1487202469677] [levelValue: 800] [[
  Grizzly Framework 2.3.23 started in: 3ms - bound to [/0.0.0.0:34907]]]

[2017-02-15T18:49:35.757-0500] [glassfish 4.1] [INFO] [NCLS-CORE-00092] [javax.enterprise.system.core] [tid: _ThreadID=106 _ThreadName=Thread-23] [timeMillis: 1487202575757] [levelValue: 800] [[
  Server shutdown initiated]]

[2017-02-15T18:49:35.760-0500] [glassfish 4.1] [INFO] [NCLS-BOOTSTRAP-00028] [javax.enterprise.bootstrap] [tid: _ThreadID=106 _ThreadName=Thread-23] [timeMillis: 1487202575760] [levelValue: 800] [[
  Unregistered com.sun.enterprise.glassfish.bootstrap.osgi.EmbeddedOSGiGlassFishImpl@5d3b58ca from service registry.]]

[2017-02-15T18:49:35.761-0500] [glassfish 4.1] [INFO] [] [] [tid: _ThreadID=106 _ThreadName=Thread-8] [timeMillis: 1487202575761] [levelValue: 800] [[
  FileMonitoring shutdown]]

[2017-02-15T18:49:35.765-0500] [glassfish 4.1] [INFO] [NCLS-JMX-00002] [javax.enterprise.system.jmx] [tid: _ThreadID=106 _ThreadName=Thread-23] [timeMillis: 1487202575765] [levelValue: 800] [[
  JMXStartupService: Stopped JMXConnectorServer: null]]

[2017-02-15T18:49:35.766-0500] [glassfish 4.1] [INFO] [NCLS-JMX-00001] [javax.enterprise.system.jmx] [tid: _ThreadID=106 _ThreadName=Thread-23] [timeMillis: 1487202575766] [levelValue: 800] [[
  JMXStartupService and JMXConnectors have been shut down.]]

[2017-02-15T18:49:35.816-0500] [glassfish 4.1] [INFO] [] [] [tid: _ThreadID=112 _ThreadName=Thread-8] [timeMillis: 1487202575816] [levelValue: 800] [[
  JdbcRuntimeExtension,  getAllSystemRAResourcesAndPools = [GlassFishConfigBean.org.glassfish.jdbc.config.JdbcResource, GlassFishConfigBean.org.glassfish.jdbc.config.JdbcResource, GlassFishConfigBean.org.glassfish.jdbc.config.JdbcConnectionPool, GlassFishConfigBean.org.glassfish.jdbc.config.JdbcConnectionPool]]]

[2017-02-15T18:49:42.282-0500] [glassfish 4.1] [INFO] [NCLS-LOGGING-00009] [javax.enterprise.logging] [tid: _ThreadID=18 _ThreadName=RunLevelControllerThread-1487202582163] [timeMillis: 1487202582282] [levelValue: 800] [[
  Running GlassFish Version: GlassFish Server Open Source Edition  4.1.1  (build 1)]]

[2017-02-15T18:49:42.284-0500] [glassfish 4.1] [INFO] [NCLS-LOGGING-00010] [javax.enterprise.logging] [tid: _ThreadID=18 _ThreadName=RunLevelControllerThread-1487202582163] [timeMillis: 1487202582284] [levelValue: 800] [[
  Server log file is using Formatter class: com.sun.enterprise.server.logging.ODLLogFormatter]]

[2017-02-15T18:49:42.403-0500] [glassfish 4.1] [INFO] [NCLS-SECURITY-01115] [javax.enterprise.system.core.security] [tid: _ThreadID=19 _ThreadName=RunLevelControllerThread-1487202582169] [timeMillis: 1487202582403] [levelValue: 800] [[
  Realm [admin-realm] of classtype [com.sun.enterprise.security.auth.realm.file.FileRealm] successfully created.]]

[2017-02-15T18:49:42.405-0500] [glassfish 4.1] [INFO] [NCLS-SECURITY-01115] [javax.enterprise.system.core.security] [tid: _ThreadID=19 _ThreadName=RunLevelControllerThread-1487202582169] [timeMillis: 1487202582405] [levelValue: 800] [[
  Realm [file] of classtype [com.sun.enterprise.security.auth.realm.file.FileRealm] successfully created.]]

[2017-02-15T18:49:42.412-0500] [glassfish 4.1] [INFO] [NCLS-SECURITY-01115] [javax.enterprise.system.core.security] [tid: _ThreadID=19 _ThreadName=RunLevelControllerThread-1487202582169] [timeMillis: 1487202582412] [levelValue: 800] [[
  Realm [certificate] of classtype [com.sun.enterprise.security.auth.realm.certificate.CertificateRealm] successfully created.]]

[2017-02-15T18:49:42.567-0500] [glassfish 4.1] [INFO] [SEC-SVCS-00100] [javax.enterprise.security.services] [tid: _ThreadID=17 _ThreadName=RunLevelControllerThread-1487202582162] [timeMillis: 1487202582567] [levelValue: 800] [[
  Authorization Service has successfully initialized.]]

[2017-02-15T18:49:42.819-0500] [glassfish 4.1] [INFO] [] [org.glassfish.ha.store.spi.BackingStoreFactoryRegistry] [tid: _ThreadID=20 _ThreadName=RunLevelControllerThread-1487202582169] [timeMillis: 1487202582819] [levelValue: 800] [[
  Registered org.glassfish.ha.store.adapter.cache.ShoalBackingStoreProxy for persistence-type = replicated in BackingStoreFactoryRegistry]]

[2017-02-15T18:49:42.900-0500] [glassfish 4.1] [WARNING] [] [org.glassfish.grizzly.config.Utils] [tid: _ThreadID=19 _ThreadName=RunLevelControllerThread-1487202582169] [timeMillis: 1487202582900] [levelValue: 900] [[
  Instance could not be initialized. Class=interface org.glassfish.grizzly.http.server.AddOn, name=http-listener-1, realClassName=org.glassfish.grizzly.http2.Http2AddOn]]

[2017-02-15T18:49:42.966-0500] [glassfish 4.1] [INFO] [NCLS-CORE-00087] [javax.enterprise.system.core] [tid: _ThreadID=19 _ThreadName=RunLevelControllerThread-1487202582169] [timeMillis: 1487202582966] [levelValue: 800] [[
  Grizzly Framework 2.3.23 started in: 31ms - bound to [/0.0.0.0:34907]]]

[2017-02-15T18:49:42.984-0500] [glassfish 4.1] [WARNING] [] [org.glassfish.grizzly.config.Utils] [tid: _ThreadID=19 _ThreadName=RunLevelControllerThread-1487202582169] [timeMillis: 1487202582984] [levelValue: 900] [[
  Instance could not be initialized. Class=interface org.glassfish.grizzly.http.server.AddOn, name=http-listener-2, realClassName=org.glassfish.grizzly.http2.Http2AddOn]]

[2017-02-15T18:49:42.991-0500] [glassfish 4.1] [INFO] [NCLS-CORE-00087] [javax.enterprise.system.core] [tid: _ThreadID=19 _ThreadName=RunLevelControllerThread-1487202582169] [timeMillis: 1487202582991] [levelValue: 800] [[
  Grizzly Framework 2.3.23 started in: 3ms - bound to [/0.0.0.0:34908]]]

[2017-02-15T18:49:42.995-0500] [glassfish 4.1] [WARNING] [] [org.glassfish.grizzly.config.Utils] [tid: _ThreadID=19 _ThreadName=RunLevelControllerThread-1487202582169] [timeMillis: 1487202582995] [levelValue: 900] [[
  Instance could not be initialized. Class=interface org.glassfish.grizzly.http.server.AddOn, name=admin-listener, realClassName=org.glassfish.grizzly.http2.Http2AddOn]]

[2017-02-15T18:49:43.001-0500] [glassfish 4.1] [INFO] [NCLS-CORE-00087] [javax.enterprise.system.core] [tid: _ThreadID=19 _ThreadName=RunLevelControllerThread-1487202582169] [timeMillis: 1487202583001] [levelValue: 800] [[
  Grizzly Framework 2.3.23 started in: 2ms - bound to [/0.0.0.0:34875]]]

[2017-02-15T18:49:43.056-0500] [glassfish 4.1] [INFO] [NCLS-CORE-00087] [javax.enterprise.system.core] [tid: _ThreadID=20 _ThreadName=RunLevelControllerThread-1487202582169] [timeMillis: 1487202583056] [levelValue: 800] [[
  Grizzly Framework 2.3.23 started in: 2ms - bound to [/0.0.0.0:34864]]]

[2017-02-15T18:49:43.058-0500] [glassfish 4.1] [INFO] [NCLS-CORE-00017] [javax.enterprise.system.core] [tid: _ThreadID=1 _ThreadName=main] [timeMillis: 1487202583058] [levelValue: 800] [[
  GlassFish Server Open Source Edition  4.1.1  (1) startup time : Felix (2.104ms), startup services(902ms), total(3.006ms)]]

[2017-02-15T18:49:43.173-0500] [glassfish 4.1] [INFO] [jts.startup_msg] [javax.enterprise.system.core.transaction.com.sun.jts.CosTransactions] [tid: _ThreadID=19 _ThreadName=RunLevelControllerThread-1487202582169] [timeMillis: 1487202583173] [levelValue: 800] [[
  JTS5014: Recoverable JTS instance, serverId = [100]]]

[2017-02-15T18:49:43.266-0500] [glassfish 4.1] [INFO] [NCLS-CORE-00087] [javax.enterprise.system.core] [tid: _ThreadID=17 _ThreadName=RunLevelControllerThread-1487202582162] [timeMillis: 1487202583266] [levelValue: 800] [[
  Grizzly Framework 2.3.23 started in: 2ms - bound to [/0.0.0.0:42503]]]

[2017-02-15T18:49:43.269-0500] [glassfish 4.1] [INFO] [NCLS-BOOTSTRAP-00027] [javax.enterprise.bootstrap] [tid: _ThreadID=1 _ThreadName=main] [timeMillis: 1487202583269] [levelValue: 800] [[
  Registered com.sun.enterprise.glassfish.bootstrap.osgi.EmbeddedOSGiGlassFishImpl@205b132e as OSGi service registration: org.apache.felix.framework.ServiceRegistrationImpl@159a48a6.]]

[2017-02-15T18:49:43.285-0500] [glassfish 4.1] [INFO] [NCLS-JMX-00005] [javax.enterprise.system.jmx] [tid: _ThreadID=55 _ThreadName=Thread-13] [timeMillis: 1487202583285] [levelValue: 800] [[
  JMXStartupService has started JMXConnector on JMXService URL service:jmx:rmi://172.29.17.146:34913/jndi/rmi://172.29.17.146:34913/jmxrmi]]

[2017-02-15T18:49:45.881-0500] [glassfish 4.1] [INFO] [] [org.hibernate.validator.internal.util.Version] [tid: _ThreadID=47 _ThreadName=admin-listener(3)] [timeMillis: 1487202585881] [levelValue: 800] [[
  HV000001: Hibernate Validator 5.1.2.Final]]

[2017-02-15T18:49:46.239-0500] [glassfish 4.1] [WARNING] [] [org.glassfish.grizzly.config.Utils] [tid: _ThreadID=87 _ThreadName=pool-17-thread-1] [timeMillis: 1487202586239] [levelValue: 900] [[
  Instance could not be initialized. Class=interface org.glassfish.grizzly.http.server.AddOn, name=http-listener-2, realClassName=org.glassfish.grizzly.http2.Http2AddOn]]

[2017-02-15T18:49:46.246-0500] [glassfish 4.1] [INFO] [NCLS-CORE-00087] [javax.enterprise.system.core] [tid: _ThreadID=87 _ThreadName=pool-17-thread-1] [timeMillis: 1487202586246] [levelValue: 800] [[
  Grizzly Framework 2.3.23 started in: 4ms - bound to [/0.0.0.0:34908]]]

[2017-02-15T18:49:48.006-0500] [glassfish 4.1] [INFO] [] [javax.enterprise.system.tools.deployment.common] [tid: _ThreadID=46 _ThreadName=admin-listener(2)] [timeMillis: 1487202588006] [levelValue: 800] [[
  visiting unvisited references]]

[2017-02-15T18:49:48.862-0500] [glassfish 4.1] [INFO] [NCLS-SECURITY-01002] [javax.enterprise.system.core.security] [tid: _ThreadID=46 _ThreadName=admin-listener(2)] [timeMillis: 1487202588862] [levelValue: 800] [[
  Java security manager is disabled.]]

[2017-02-15T18:49:48.862-0500] [glassfish 4.1] [INFO] [NCLS-SECURITY-01010] [javax.enterprise.system.core.security] [tid: _ThreadID=46 _ThreadName=admin-listener(2)] [timeMillis: 1487202588862] [levelValue: 800] [[
  Entering Security Startup Service.]]

[2017-02-15T18:49:48.868-0500] [glassfish 4.1] [INFO] [NCLS-SECURITY-01143] [javax.enterprise.system.core.security] [tid: _ThreadID=46 _ThreadName=admin-listener(2)] [timeMillis: 1487202588868] [levelValue: 800] [[
  Loading policy provider com.sun.enterprise.security.provider.PolicyWrapper.]]

[2017-02-15T18:49:48.912-0500] [glassfish 4.1] [INFO] [NCLS-SECURITY-01011] [javax.enterprise.system.core.security] [tid: _ThreadID=46 _ThreadName=admin-listener(2)] [timeMillis: 1487202588912] [levelValue: 800] [[
  Security Service(s) started successfully.]]

[2017-02-15T18:49:49.121-0500] [glassfish 4.1] [INFO] [AS-WEB-GLUE-00198] [javax.enterprise.web] [tid: _ThreadID=46 _ThreadName=admin-listener(2)] [timeMillis: 1487202589121] [levelValue: 800] [[
  Created HTTP listener http-listener-1 on host/port 0.0.0.0:34907]]

[2017-02-15T18:49:49.128-0500] [glassfish 4.1] [INFO] [AS-WEB-GLUE-00198] [javax.enterprise.web] [tid: _ThreadID=46 _ThreadName=admin-listener(2)] [timeMillis: 1487202589128] [levelValue: 800] [[
  Created HTTP listener http-listener-2 on host/port 0.0.0.0:34908]]

[2017-02-15T18:49:49.131-0500] [glassfish 4.1] [INFO] [AS-WEB-GLUE-00198] [javax.enterprise.web] [tid: _ThreadID=46 _ThreadName=admin-listener(2)] [timeMillis: 1487202589131] [levelValue: 800] [[
  Created HTTP listener admin-listener on host/port 0.0.0.0:34875]]

[2017-02-15T18:49:49.164-0500] [glassfish 4.1] [INFO] [AS-WEB-GLUE-00200] [javax.enterprise.web] [tid: _ThreadID=46 _ThreadName=admin-listener(2)] [timeMillis: 1487202589164] [levelValue: 800] [[
  Created virtual server server]]

[2017-02-15T18:49:49.168-0500] [glassfish 4.1] [INFO] [AS-WEB-GLUE-00200] [javax.enterprise.web] [tid: _ThreadID=46 _ThreadName=admin-listener(2)] [timeMillis: 1487202589168] [levelValue: 800] [[
  Created virtual server __asadmin]]

[2017-02-15T18:49:49.401-0500] [glassfish 4.1] [INFO] [AS-WEB-CORE-00306] [javax.enterprise.web.core] [tid: _ThreadID=46 _ThreadName=admin-listener(2)] [timeMillis: 1487202589401] [levelValue: 800] [[
  Setting JAAS app name glassfish-web]]

[2017-02-15T18:49:49.402-0500] [glassfish 4.1] [INFO] [AS-WEB-GLUE-00201] [javax.enterprise.web] [tid: _ThreadID=46 _ThreadName=admin-listener(2)] [timeMillis: 1487202589402] [levelValue: 800] [[
  Virtual server server loaded default web module ]]

[2017-02-15T18:49:50.055-0500] [glassfish 4.1] [INFO] [] [javax.enterprise.system.tools.deployment.common] [tid: _ThreadID=46 _ThreadName=admin-listener(2)] [timeMillis: 1487202590055] [levelValue: 800] [[
  visiting unvisited references]]

[2017-02-15T18:49:50.335-0500] [glassfish 4.1] [INFO] [] [javax.enterprise.system.tools.deployment.common] [tid: _ThreadID=46 _ThreadName=admin-listener(2)] [timeMillis: 1487202590335] [levelValue: 800] [[
  visiting unvisited references]]

[2017-02-15T18:49:50.337-0500] [glassfish 4.1] [INFO] [] [javax.enterprise.system.tools.deployment.common] [tid: _ThreadID=46 _ThreadName=admin-listener(2)] [timeMillis: 1487202590337] [levelValue: 800] [[
  visiting unvisited references]]

[2017-02-15T18:49:50.338-0500] [glassfish 4.1] [INFO] [] [javax.enterprise.system.tools.deployment.common] [tid: _ThreadID=46 _ThreadName=admin-listener(2)] [timeMillis: 1487202590338] [levelValue: 800] [[
  visiting unvisited references]]

[2017-02-15T18:49:50.339-0500] [glassfish 4.1] [INFO] [] [javax.enterprise.system.tools.deployment.common] [tid: _ThreadID=46 _ThreadName=admin-listener(2)] [timeMillis: 1487202590339] [levelValue: 800] [[
  visiting unvisited references]]

[2017-02-15T18:49:50.341-0500] [glassfish 4.1] [INFO] [] [javax.enterprise.system.tools.deployment.common] [tid: _ThreadID=46 _ThreadName=admin-listener(2)] [timeMillis: 1487202590341] [levelValue: 800] [[
  visiting unvisited references]]

[2017-02-15T18:49:50.343-0500] [glassfish 4.1] [INFO] [] [javax.enterprise.system.tools.deployment.common] [tid: _ThreadID=46 _ThreadName=admin-listener(2)] [timeMillis: 1487202590343] [levelValue: 800] [[
  visiting unvisited references]]

[2017-02-15T18:49:50.344-0500] [glassfish 4.1] [INFO] [] [javax.enterprise.system.tools.deployment.common] [tid: _ThreadID=46 _ThreadName=admin-listener(2)] [timeMillis: 1487202590344] [levelValue: 800] [[
  visiting unvisited references]]

[2017-02-15T18:49:50.344-0500] [glassfish 4.1] [INFO] [] [javax.enterprise.system.tools.deployment.common] [tid: _ThreadID=46 _ThreadName=admin-listener(2)] [timeMillis: 1487202590344] [levelValue: 800] [[
  visiting unvisited references]]

[2017-02-15T18:49:50.345-0500] [glassfish 4.1] [INFO] [] [javax.enterprise.system.tools.deployment.common] [tid: _ThreadID=46 _ThreadName=admin-listener(2)] [timeMillis: 1487202590345] [levelValue: 800] [[
  visiting unvisited references]]

[2017-02-15T18:49:50.346-0500] [glassfish 4.1] [INFO] [] [javax.enterprise.system.tools.deployment.common] [tid: _ThreadID=46 _ThreadName=admin-listener(2)] [timeMillis: 1487202590346] [levelValue: 800] [[
  visiting unvisited references]]

[2017-02-15T18:49:50.347-0500] [glassfish 4.1] [INFO] [] [javax.enterprise.system.tools.deployment.common] [tid: _ThreadID=46 _ThreadName=admin-listener(2)] [timeMillis: 1487202590347] [levelValue: 800] [[
  visiting unvisited references]]

[2017-02-15T18:49:50.348-0500] [glassfish 4.1] [INFO] [] [javax.enterprise.system.tools.deployment.common] [tid: _ThreadID=46 _ThreadName=admin-listener(2)] [timeMillis: 1487202590348] [levelValue: 800] [[
  visiting unvisited references]]

[2017-02-15T18:49:50.349-0500] [glassfish 4.1] [INFO] [] [javax.enterprise.system.tools.deployment.common] [tid: _ThreadID=46 _ThreadName=admin-listener(2)] [timeMillis: 1487202590349] [levelValue: 800] [[
  visiting unvisited references]]

[2017-02-15T18:49:50.350-0500] [glassfish 4.1] [INFO] [] [javax.enterprise.system.tools.deployment.common] [tid: _ThreadID=46 _ThreadName=admin-listener(2)] [timeMillis: 1487202590350] [levelValue: 800] [[
  visiting unvisited references]]

[2017-02-15T18:49:50.351-0500] [glassfish 4.1] [INFO] [] [javax.enterprise.system.tools.deployment.common] [tid: _ThreadID=46 _ThreadName=admin-listener(2)] [timeMillis: 1487202590351] [levelValue: 800] [[
  visiting unvisited references]]

[2017-02-15T18:49:50.352-0500] [glassfish 4.1] [INFO] [] [javax.enterprise.system.tools.deployment.common] [tid: _ThreadID=46 _ThreadName=admin-listener(2)] [timeMillis: 1487202590352] [levelValue: 800] [[
  visiting unvisited references]]

[2017-02-15T18:49:50.354-0500] [glassfish 4.1] [INFO] [] [javax.enterprise.system.tools.deployment.common] [tid: _ThreadID=46 _ThreadName=admin-listener(2)] [timeMillis: 1487202590354] [levelValue: 800] [[
  visiting unvisited references]]

[2017-02-15T18:49:50.355-0500] [glassfish 4.1] [INFO] [] [javax.enterprise.system.tools.deployment.common] [tid: _ThreadID=46 _ThreadName=admin-listener(2)] [timeMillis: 1487202590355] [levelValue: 800] [[
  visiting unvisited references]]

[2017-02-15T18:49:50.358-0500] [glassfish 4.1] [INFO] [] [javax.enterprise.system.tools.deployment.common] [tid: _ThreadID=46 _ThreadName=admin-listener(2)] [timeMillis: 1487202590358] [levelValue: 800] [[
  visiting unvisited references]]

[2017-02-15T18:49:50.359-0500] [glassfish 4.1] [INFO] [] [javax.enterprise.system.tools.deployment.common] [tid: _ThreadID=46 _ThreadName=admin-listener(2)] [timeMillis: 1487202590359] [levelValue: 800] [[
  visiting unvisited references]]

[2017-02-15T18:49:50.361-0500] [glassfish 4.1] [INFO] [] [javax.enterprise.system.tools.deployment.common] [tid: _ThreadID=46 _ThreadName=admin-listener(2)] [timeMillis: 1487202590361] [levelValue: 800] [[
  visiting unvisited references]]

[2017-02-15T18:49:50.361-0500] [glassfish 4.1] [INFO] [] [javax.enterprise.system.tools.deployment.common] [tid: _ThreadID=46 _ThreadName=admin-listener(2)] [timeMillis: 1487202590361] [levelValue: 800] [[
  visiting unvisited references]]

[2017-02-15T18:49:50.362-0500] [glassfish 4.1] [INFO] [] [javax.enterprise.system.tools.deployment.common] [tid: _ThreadID=46 _ThreadName=admin-listener(2)] [timeMillis: 1487202590362] [levelValue: 800] [[
  visiting unvisited references]]

[2017-02-15T18:49:50.363-0500] [glassfish 4.1] [INFO] [] [javax.enterprise.system.tools.deployment.common] [tid: _ThreadID=46 _ThreadName=admin-listener(2)] [timeMillis: 1487202590363] [levelValue: 800] [[
  visiting unvisited references]]

[2017-02-15T18:49:50.365-0500] [glassfish 4.1] [INFO] [] [javax.enterprise.system.tools.deployment.common] [tid: _ThreadID=46 _ThreadName=admin-listener(2)] [timeMillis: 1487202590365] [levelValue: 800] [[
  visiting unvisited references]]

[2017-02-15T18:49:50.365-0500] [glassfish 4.1] [INFO] [] [javax.enterprise.system.tools.deployment.common] [tid: _ThreadID=46 _ThreadName=admin-listener(2)] [timeMillis: 1487202590365] [levelValue: 800] [[
  visiting unvisited references]]

[2017-02-15T18:49:50.367-0500] [glassfish 4.1] [INFO] [] [javax.enterprise.system.tools.deployment.common] [tid: _ThreadID=46 _ThreadName=admin-listener(2)] [timeMillis: 1487202590367] [levelValue: 800] [[
  visiting unvisited references]]

[2017-02-15T18:49:50.368-0500] [glassfish 4.1] [INFO] [] [javax.enterprise.system.tools.deployment.common] [tid: _ThreadID=46 _ThreadName=admin-listener(2)] [timeMillis: 1487202590368] [levelValue: 800] [[
  visiting unvisited references]]

[2017-02-15T18:49:50.369-0500] [glassfish 4.1] [INFO] [] [javax.enterprise.system.tools.deployment.common] [tid: _ThreadID=46 _ThreadName=admin-listener(2)] [timeMillis: 1487202590369] [levelValue: 800] [[
  visiting unvisited references]]

[2017-02-15T18:49:50.371-0500] [glassfish 4.1] [INFO] [] [javax.enterprise.system.tools.deployment.common] [tid: _ThreadID=46 _ThreadName=admin-listener(2)] [timeMillis: 1487202590371] [levelValue: 800] [[
  visiting unvisited references]]

[2017-02-15T18:49:50.373-0500] [glassfish 4.1] [INFO] [] [javax.enterprise.system.tools.deployment.common] [tid: _ThreadID=46 _ThreadName=admin-listener(2)] [timeMillis: 1487202590373] [levelValue: 800] [[
  visiting unvisited references]]

[2017-02-15T18:49:50.375-0500] [glassfish 4.1] [INFO] [] [javax.enterprise.system.tools.deployment.common] [tid: _ThreadID=46 _ThreadName=admin-listener(2)] [timeMillis: 1487202590375] [levelValue: 800] [[
  visiting unvisited references]]

[2017-02-15T18:49:50.377-0500] [glassfish 4.1] [INFO] [] [javax.enterprise.system.tools.deployment.common] [tid: _ThreadID=46 _ThreadName=admin-listener(2)] [timeMillis: 1487202590377] [levelValue: 800] [[
  visiting unvisited references]]

[2017-02-15T18:49:50.378-0500] [glassfish 4.1] [INFO] [] [javax.enterprise.system.tools.deployment.common] [tid: _ThreadID=46 _ThreadName=admin-listener(2)] [timeMillis: 1487202590378] [levelValue: 800] [[
  visiting unvisited references]]

[2017-02-15T18:49:50.379-0500] [glassfish 4.1] [INFO] [] [javax.enterprise.system.tools.deployment.common] [tid: _ThreadID=46 _ThreadName=admin-listener(2)] [timeMillis: 1487202590379] [levelValue: 800] [[
  visiting unvisited references]]

[2017-02-15T18:49:50.381-0500] [glassfish 4.1] [INFO] [] [javax.enterprise.system.tools.deployment.common] [tid: _ThreadID=46 _ThreadName=admin-listener(2)] [timeMillis: 1487202590381] [levelValue: 800] [[
  visiting unvisited references]]

[2017-02-15T18:49:50.383-0500] [glassfish 4.1] [INFO] [] [javax.enterprise.system.tools.deployment.common] [tid: _ThreadID=46 _ThreadName=admin-listener(2)] [timeMillis: 1487202590383] [levelValue: 800] [[
  visiting unvisited references]]

[2017-02-15T18:49:50.384-0500] [glassfish 4.1] [INFO] [] [javax.enterprise.system.tools.deployment.common] [tid: _ThreadID=46 _ThreadName=admin-listener(2)] [timeMillis: 1487202590384] [levelValue: 800] [[
  visiting unvisited references]]

[2017-02-15T18:49:50.386-0500] [glassfish 4.1] [INFO] [] [javax.enterprise.system.tools.deployment.common] [tid: _ThreadID=46 _ThreadName=admin-listener(2)] [timeMillis: 1487202590386] [levelValue: 800] [[
  visiting unvisited references]]

[2017-02-15T18:49:50.388-0500] [glassfish 4.1] [INFO] [] [javax.enterprise.system.tools.deployment.common] [tid: _ThreadID=46 _ThreadName=admin-listener(2)] [timeMillis: 1487202590388] [levelValue: 800] [[
  visiting unvisited references]]

[2017-02-15T18:49:50.390-0500] [glassfish 4.1] [INFO] [] [javax.enterprise.system.tools.deployment.common] [tid: _ThreadID=46 _ThreadName=admin-listener(2)] [timeMillis: 1487202590390] [levelValue: 800] [[
  visiting unvisited references]]

[2017-02-15T18:49:50.393-0500] [glassfish 4.1] [INFO] [] [javax.enterprise.system.tools.deployment.common] [tid: _ThreadID=46 _ThreadName=admin-listener(2)] [timeMillis: 1487202590393] [levelValue: 800] [[
  visiting unvisited references]]

[2017-02-15T18:49:50.394-0500] [glassfish 4.1] [INFO] [] [javax.enterprise.system.tools.deployment.common] [tid: _ThreadID=46 _ThreadName=admin-listener(2)] [timeMillis: 1487202590394] [levelValue: 800] [[
  visiting unvisited references]]

[2017-02-15T18:49:50.618-0500] [glassfish 4.1] [INFO] [] [javax.enterprise.system.tools.deployment.dol] [tid: _ThreadID=46 _ThreadName=admin-listener(2)] [timeMillis: 1487202590618] [levelValue: 800] [[
  visiting unvisited references]]

[2017-02-15T18:49:50.988-0500] [glassfish 4.1] [INFO] [] [javax.enterprise.system.tools.deployment.dol] [tid: _ThreadID=46 _ThreadName=admin-listener(2)] [timeMillis: 1487202590988] [levelValue: 800] [[
  visiting unvisited references]]

[2017-02-15T18:49:53.387-0500] [glassfish 4.1] [WARNING] [] [org.eclipse.persistence.default] [tid: _ThreadID=46 _ThreadName=admin-listener(2)] [timeMillis: 1487202593387] [levelValue: 900] [[
  
java.lang.NullPointerException
	at org.eclipse.persistence.platform.server.ServerPlatformUtils.createServerPlatform(ServerPlatformUtils.java:99)
	at org.eclipse.persistence.sessions.factories.SessionManager.init(SessionManager.java:77)
	at org.eclipse.persistence.sessions.factories.SessionManager.<clinit>(SessionManager.java:71)
	at org.eclipse.persistence.internal.jpa.EntityManagerSetupImpl.addSessionToGlobalSessionManager(EntityManagerSetupImpl.java:907)
	at org.eclipse.persistence.internal.jpa.EntityManagerSetupImpl.initSession(EntityManagerSetupImpl.java:2671)
	at org.eclipse.persistence.internal.jpa.EntityManagerSetupImpl.deploy(EntityManagerSetupImpl.java:675)
	at org.eclipse.persistence.internal.jpa.EntityManagerFactoryDelegate.getAbstractSession(EntityManagerFactoryDelegate.java:205)
	at org.eclipse.persistence.internal.jpa.EntityManagerFactoryDelegate.createEntityManagerImpl(EntityManagerFactoryDelegate.java:305)
	at org.eclipse.persistence.internal.jpa.EntityManagerFactoryImpl.createEntityManagerImpl(EntityManagerFactoryImpl.java:337)
	at org.eclipse.persistence.internal.jpa.EntityManagerFactoryImpl.createEntityManager(EntityManagerFactoryImpl.java:303)
	at org.glassfish.persistence.jpa.JPADeployer$2.visitPUD(JPADeployer.java:451)
	at org.glassfish.persistence.jpa.JPADeployer$PersistenceUnitDescriptorIterator.iteratePUDs(JPADeployer.java:510)
	at org.glassfish.persistence.jpa.JPADeployer.iterateInitializedPUsAtApplicationPrepare(JPADeployer.java:492)
	at org.glassfish.persistence.jpa.JPADeployer.event(JPADeployer.java:398)
	at org.glassfish.kernel.event.EventsImpl.send(EventsImpl.java:131)
	at com.sun.enterprise.v3.server.ApplicationLifecycle.deploy(ApplicationLifecycle.java:487)
	at com.sun.enterprise.v3.server.ApplicationLifecycle.deploy(ApplicationLifecycle.java:219)
	at org.glassfish.deployment.admin.DeployCommand.execute(DeployCommand.java:491)
	at com.sun.enterprise.v3.admin.CommandRunnerImpl$2$1.run(CommandRunnerImpl.java:539)
	at com.sun.enterprise.v3.admin.CommandRunnerImpl$2$1.run(CommandRunnerImpl.java:535)
	at java.security.AccessController.doPrivileged(Native Method)
	at javax.security.auth.Subject.doAs(Subject.java:360)
	at com.sun.enterprise.v3.admin.CommandRunnerImpl$2.execute(CommandRunnerImpl.java:534)
	at com.sun.enterprise.v3.admin.CommandRunnerImpl$3.run(CommandRunnerImpl.java:565)
	at com.sun.enterprise.v3.admin.CommandRunnerImpl$3.run(CommandRunnerImpl.java:557)
	at java.security.AccessController.doPrivileged(Native Method)
	at javax.security.auth.Subject.doAs(Subject.java:360)
	at com.sun.enterprise.v3.admin.CommandRunnerImpl.doCommand(CommandRunnerImpl.java:556)
	at com.sun.enterprise.v3.admin.CommandRunnerImpl.doCommand(CommandRunnerImpl.java:1464)
	at com.sun.enterprise.v3.admin.CommandRunnerImpl.access$1300(CommandRunnerImpl.java:109)
	at com.sun.enterprise.v3.admin.CommandRunnerImpl$ExecutionContext.execute(CommandRunnerImpl.java:1846)
	at com.sun.enterprise.v3.admin.CommandRunnerImpl$ExecutionContext.execute(CommandRunnerImpl.java:1722)
	at com.sun.enterprise.v3.admin.AdminAdapter.doCommand(AdminAdapter.java:534)
	at com.sun.enterprise.v3.admin.AdminAdapter.onMissingResource(AdminAdapter.java:224)
	at org.glassfish.grizzly.http.server.StaticHttpHandlerBase.service(StaticHttpHandlerBase.java:189)
	at com.sun.enterprise.v3.services.impl.ContainerMapper$HttpHandlerCallable.call(ContainerMapper.java:459)
	at com.sun.enterprise.v3.services.impl.ContainerMapper.service(ContainerMapper.java:167)
	at org.glassfish.grizzly.http.server.HttpHandler.runService(HttpHandler.java:206)
	at org.glassfish.grizzly.http.server.HttpHandler.doHandle(HttpHandler.java:180)
	at org.glassfish.grizzly.http.server.HttpServerFilter.handleRead(HttpServerFilter.java:235)
	at org.glassfish.grizzly.filterchain.ExecutorResolver$9.execute(ExecutorResolver.java:119)
	at org.glassfish.grizzly.filterchain.DefaultFilterChain.executeFilter(DefaultFilterChain.java:283)
	at org.glassfish.grizzly.filterchain.DefaultFilterChain.executeChainPart(DefaultFilterChain.java:200)
	at org.glassfish.grizzly.filterchain.DefaultFilterChain.execute(DefaultFilterChain.java:132)
	at org.glassfish.grizzly.filterchain.DefaultFilterChain.process(DefaultFilterChain.java:111)
	at org.glassfish.grizzly.ProcessorExecutor.execute(ProcessorExecutor.java:77)
	at org.glassfish.grizzly.nio.transport.TCPNIOTransport.fireIOEvent(TCPNIOTransport.java:536)
	at org.glassfish.grizzly.strategies.AbstractIOStrategy.fireIOEvent(AbstractIOStrategy.java:112)
	at org.glassfish.grizzly.strategies.WorkerThreadIOStrategy.run0(WorkerThreadIOStrategy.java:117)
	at org.glassfish.grizzly.strategies.WorkerThreadIOStrategy.access$100(WorkerThreadIOStrategy.java:56)
	at org.glassfish.grizzly.strategies.WorkerThreadIOStrategy$WorkerThreadRunnable.run(WorkerThreadIOStrategy.java:137)
	at org.glassfish.grizzly.threadpool.AbstractThreadPool$Worker.doWork(AbstractThreadPool.java:591)
	at org.glassfish.grizzly.threadpool.AbstractThreadPool$Worker.run(AbstractThreadPool.java:571)
	at java.lang.Thread.run(Thread.java:745)
]]

[2017-02-15T18:49:53.411-0500] [glassfish 4.1] [INFO] [] [org.eclipse.persistence.session./file:/C:/Users/Daniela Ramos/Documents/SExto/ProyectoSw2/1/ReservaHotelWeb/ReservaHotelWeb/target/ReservaHotelWeb-1.0-SNAPSHOT/WEB-INF/classes/_com.epn.edu_ReservaHotelWeb_war_1.0-SNAPSHOTPU] [tid: _ThreadID=46 _ThreadName=admin-listener(2)] [timeMillis: 1487202593411] [levelValue: 800] [[
  EclipseLink, version: Eclipse Persistence Services - 2.6.1.v20150605-31e8258]]

[2017-02-15T18:49:53.852-0500] [glassfish 4.1] [INFO] [] [org.eclipse.persistence.session./file:/C:/Users/Daniela Ramos/Documents/SExto/ProyectoSw2/1/ReservaHotelWeb/ReservaHotelWeb/target/ReservaHotelWeb-1.0-SNAPSHOT/WEB-INF/classes/_com.epn.edu_ReservaHotelWeb_war_1.0-SNAPSHOTPU.connection] [tid: _ThreadID=46 _ThreadName=admin-listener(2)] [timeMillis: 1487202593852] [levelValue: 800] [[
  /file:/C:/Users/Daniela Ramos/Documents/SExto/ProyectoSw2/1/ReservaHotelWeb/ReservaHotelWeb/target/ReservaHotelWeb-1.0-SNAPSHOT/WEB-INF/classes/_com.epn.edu_ReservaHotelWeb_war_1.0-SNAPSHOTPU login successful]]

[2017-02-15T18:49:53.926-0500] [glassfish 4.1] [INFO] [] [org.jboss.weld.Version] [tid: _ThreadID=46 _ThreadName=admin-listener(2)] [timeMillis: 1487202593926] [levelValue: 800] [[
  WELD-000900: 2.2.13 (Final)]]

[2017-02-15T18:49:54.803-0500] [glassfish 4.1] [WARN] [] [org.jboss.weld.Interceptor] [tid: _ThreadID=46 _ThreadName=admin-listener(2)] [timeMillis: 1487202594803] [levelValue: 900] [[
  WELD-001700: Interceptor annotation class javax.ejb.PostActivate not found, interception based on it is not enabled]]

[2017-02-15T18:49:54.804-0500] [glassfish 4.1] [WARN] [] [org.jboss.weld.Interceptor] [tid: _ThreadID=46 _ThreadName=admin-listener(2)] [timeMillis: 1487202594804] [levelValue: 900] [[
  WELD-001700: Interceptor annotation class javax.ejb.PrePassivate not found, interception based on it is not enabled]]

[2017-02-15T18:49:55.070-0500] [glassfish 4.1] [WARN] [] [org.jboss.weld.Event] [tid: _ThreadID=46 _ThreadName=admin-listener(2)] [timeMillis: 1487202595070] [levelValue: 900] [[
  WELD-000411: Observer method [BackedAnnotatedMethod] org.glassfish.sse.impl.ServerSentEventCdiExtension.processAnnotatedType(@Observes ProcessAnnotatedType<Object>, BeanManager) receives events for all annotated types. Consider restricting events using @WithAnnotations or a generic type with bounds.]]

[2017-02-15T18:49:55.101-0500] [glassfish 4.1] [WARN] [] [org.jboss.weld.Event] [tid: _ThreadID=46 _ThreadName=admin-listener(2)] [timeMillis: 1487202595101] [levelValue: 900] [[
  WELD-000411: Observer method [BackedAnnotatedMethod] public org.glassfish.jms.injection.JMSCDIExtension.processAnnotatedType(@Observes ProcessAnnotatedType<Object>) receives events for all annotated types. Consider restricting events using @WithAnnotations or a generic type with bounds.]]

[2017-02-15T18:49:55.118-0500] [glassfish 4.1] [WARN] [] [org.jboss.weld.Event] [tid: _ThreadID=46 _ThreadName=admin-listener(2)] [timeMillis: 1487202595118] [levelValue: 900] [[
  WELD-000411: Observer method [BackedAnnotatedMethod] private org.glassfish.jersey.ext.cdi1x.internal.CdiComponentProvider.processAnnotatedType(@Observes ProcessAnnotatedType<Object>) receives events for all annotated types. Consider restricting events using @WithAnnotations or a generic type with bounds.]]

[2017-02-15T18:49:55.131-0500] [glassfish 4.1] [WARN] [] [org.jboss.weld.Event] [tid: _ThreadID=46 _ThreadName=admin-listener(2)] [timeMillis: 1487202595131] [levelValue: 900] [[
  WELD-000411: Observer method [BackedAnnotatedMethod] public org.glassfish.jms.injection.JMSCDIExtension.processAnnotatedType(@Observes ProcessAnnotatedType<Object>) receives events for all annotated types. Consider restricting events using @WithAnnotations or a generic type with bounds.]]

[2017-02-15T18:49:55.135-0500] [glassfish 4.1] [WARN] [] [org.jboss.weld.Event] [tid: _ThreadID=46 _ThreadName=admin-listener(2)] [timeMillis: 1487202595135] [levelValue: 900] [[
  WELD-000411: Observer method [BackedAnnotatedMethod] org.glassfish.sse.impl.ServerSentEventCdiExtension.processAnnotatedType(@Observes ProcessAnnotatedType<Object>, BeanManager) receives events for all annotated types. Consider restricting events using @WithAnnotations or a generic type with bounds.]]

[2017-02-15T18:49:55.137-0500] [glassfish 4.1] [WARN] [] [org.jboss.weld.Event] [tid: _ThreadID=46 _ThreadName=admin-listener(2)] [timeMillis: 1487202595137] [levelValue: 900] [[
  WELD-000411: Observer method [BackedAnnotatedMethod] private org.glassfish.jersey.ext.cdi1x.internal.CdiComponentProvider.processAnnotatedType(@Observes ProcessAnnotatedType<Object>) receives events for all annotated types. Consider restricting events using @WithAnnotations or a generic type with bounds.]]

[2017-02-15T18:49:58.040-0500] [glassfish 4.1] [INFO] [] [org.glassfish.tyrus.servlet.TyrusServletContainerInitializer] [tid: _ThreadID=46 _ThreadName=admin-listener(2)] [timeMillis: 1487202598040] [levelValue: 800] [[
  Registering WebSocket filter for url pattern /*]]

[2017-02-15T18:49:58.041-0500] [glassfish 4.1] [INFO] [] [javax.enterprise.web] [tid: _ThreadID=46 _ThreadName=admin-listener(2)] [timeMillis: 1487202598041] [levelValue: 800] [[
  WebModule[null] ServletContext.log():Initializing AtmosphereFramework]]

[2017-02-15T18:49:58.109-0500] [glassfish 4.1] [SEVERE] [] [] [tid: _ThreadID=46 _ThreadName=Thread-9] [timeMillis: 1487202598109] [levelValue: 1000] [[
  40 [admin-listener(2)] INFO org.atmosphere.util.IOUtils - Successfully loaded and installed META-INF/services/org.atmosphere.cpr.AtmosphereFramework]]

[2017-02-15T18:49:58.194-0500] [glassfish 4.1] [SEVERE] [] [] [tid: _ThreadID=46 _ThreadName=Thread-9] [timeMillis: 1487202598194] [levelValue: 1000] [[
  125 [admin-listener(2)] INFO org.atmosphere.container.JSR356AsyncSupport - JSR 356 Mapping path /primepush]]

[2017-02-15T18:49:58.551-0500] [glassfish 4.1] [INFO] [jsf.config.listener.version] [javax.enterprise.resource.webcontainer.jsf.config] [tid: _ThreadID=46 _ThreadName=admin-listener(2)] [timeMillis: 1487202598551] [levelValue: 800] [[
  Inicializando Mojarra 2.2.12 ( 20150720-0848 https://svn.java.net/svn/mojarra~svn/tags/2.2.12@14885) para el contexto '/ReservaHotelWeb']]

[2017-02-15T18:50:00.552-0500] [glassfish 4.1] [INFO] [] [org.primefaces.webapp.PostConstructApplicationEventListener] [tid: _ThreadID=46 _ThreadName=admin-listener(2)] [timeMillis: 1487202600552] [levelValue: 800] [[
  Running on PrimeFaces 6.0]]

[2017-02-15T18:50:00.552-0500] [glassfish 4.1] [INFO] [] [org.primefaces.webapp.PostConstructApplicationEventListener] [tid: _ThreadID=46 _ThreadName=admin-listener(2)] [timeMillis: 1487202600552] [levelValue: 800] [[
  Running on PrimeFaces 6.0]]

[2017-02-15T18:50:00.630-0500] [glassfish 4.1] [INFO] [AS-WEB-GLUE-00172] [javax.enterprise.web] [tid: _ThreadID=46 _ThreadName=admin-listener(2)] [timeMillis: 1487202600630] [levelValue: 800] [[
  Loading application [ReservaHotelWeb] at [/ReservaHotelWeb]]]

[2017-02-15T18:50:00.704-0500] [glassfish 4.1] [INFO] [] [javax.enterprise.system.core] [tid: _ThreadID=46 _ThreadName=admin-listener(2)] [timeMillis: 1487202600704] [levelValue: 800] [[
  ReservaHotelWeb was successfully deployed in 14.381 milliseconds.]]

[2017-02-15T18:51:45.320-0500] [glassfish 4.1] [INFO] [] [] [tid: _ThreadID=63 _ThreadName=PingService] [timeMillis: 1487202705320] [levelValue: 800] [[
  Domain Pinged: release.glassfish.org]]

